<?xml version="1.0" encoding="UTF-8"?>
<!-- Generated by org.testng.reporters.JUnitXMLReporter -->
<testsuite hostname="LAPTOP-N7BC07S3" ignored="1" name="Test" tests="1" failures="1" timestamp="31 Jul 2021 18:46:24 GMT" time="35.939" errors="0">
  <testcase name="googleSearchTest_2" time="12.273" classname="com.Demoproject.Tests.SearchTest">
    <failure type="java.lang.AssertionError" message="First term is not displaying as expected expected [Seleniumm] but found [Selenium]">
      <![CDATA[java.lang.AssertionError: First term is not displaying as expected expected [Seleniumm] but found [Selenium]
at com.Demoproject.Pages.GoogleHomePage.validateExpectedContent(GoogleHomePage.java:49)
at com.Demoproject.Tests.SearchTest.googleSearchTest_2(SearchTest.java:56)
... Removed 30 stack frames]]>
    </failure>
  </testcase> <!-- googleSearchTest_2 -->
  <testcase name="googleSearchTest_1" time="0.0" classname="com.Demoproject.Tests.SearchTest">
    <ignored/>
  </testcase> <!-- googleSearchTest_1 -->
</testsuite> <!-- Test -->
